<?xml version="1.0" encoding="UTF-8"?>
<testng-results ignored="0" total="1" passed="1" failed="0" skipped="0">
  <reporter-output>
  </reporter-output>
  <suite started-at="2024-01-13T15:14:24 IST" name="Default suite" finished-at="2024-01-13T15:14:40 IST" duration-ms="15802">
    <groups>
    </groups>
    <test started-at="2024-01-13T15:14:24 IST" name="Default test" finished-at="2024-01-13T15:14:40 IST" duration-ms="15802">
      <class name="project1.HelloWorldTest">
        <test-method signature="testHelloWorld()[pri:0, instance:project1.HelloWorldTest@1b2abca6]" started-at="2024-01-13T15:14:24 IST" name="testHelloWorld" finished-at="2024-01-13T15:14:40 IST" duration-ms="15754" status="PASS">
          <reporter-output>
          </reporter-output>
        </test-method> <!-- testHelloWorld -->
      </class> <!-- project1.HelloWorldTest -->
    </test> <!-- Default test -->
  </suite> <!-- Default suite -->
</testng-results>
